  BallNotHaveFirstState.cpp
C:\Users\nasuf\Documents\findwork_1\就職作品_230404\gameobject.h(205,1): warning C4244: '-=': 'double' から 'float' への変換です。データが失われる可能性があります。
C:\Users\nasuf\Documents\findwork_1\就職作品_230404\gameobject.h(213,1): warning C4244: '+=': 'double' から 'float' への変換です。データが失われる可能性があります。
C:\Users\nasuf\Documents\findwork_1\就職作品_230404\gameobject.h(220,1): warning C4244: '-=': 'double' から 'float' への変換です。データが失われる可能性があります。
C:\Users\nasuf\Documents\findwork_1\就職作品_230404\gameobject.h(228,1): warning C4244: '+=': 'double' から 'float' への変換です。データが失われる可能性があります。
  BallNotRandomState.cpp
C:\Users\nasuf\Documents\findwork_1\就職作品_230404\gameobject.h(205,1): warning C4244: '-=': 'double' から 'float' への変換です。データが失われる可能性があります。
C:\Users\nasuf\Documents\findwork_1\就職作品_230404\gameobject.h(213,1): warning C4244: '+=': 'double' から 'float' への変換です。データが失われる可能性があります。
C:\Users\nasuf\Documents\findwork_1\就職作品_230404\gameobject.h(220,1): warning C4244: '-=': 'double' から 'float' への変換です。データが失われる可能性があります。
C:\Users\nasuf\Documents\findwork_1\就職作品_230404\gameobject.h(228,1): warning C4244: '+=': 'double' から 'float' への変換です。データが失われる可能性があります。
  BallNotWaitState.cpp
C:\Users\nasuf\Documents\findwork_1\就職作品_230404\gameobject.h(205,1): warning C4244: '-=': 'double' から 'float' への変換です。データが失われる可能性があります。
C:\Users\nasuf\Documents\findwork_1\就職作品_230404\gameobject.h(213,1): warning C4244: '+=': 'double' から 'float' への変換です。データが失われる可能性があります。
C:\Users\nasuf\Documents\findwork_1\就職作品_230404\gameobject.h(220,1): warning C4244: '-=': 'double' から 'float' への変換です。データが失われる可能性があります。
C:\Users\nasuf\Documents\findwork_1\就職作品_230404\gameobject.h(228,1): warning C4244: '+=': 'double' から 'float' への変換です。データが失われる可能性があります。
  FirstState.cpp
C:\Users\nasuf\Documents\findwork_1\就職作品_230404\gameobject.h(205,1): warning C4244: '-=': 'double' から 'float' への変換です。データが失われる可能性があります。
C:\Users\nasuf\Documents\findwork_1\就職作品_230404\gameobject.h(213,1): warning C4244: '+=': 'double' から 'float' への変換です。データが失われる可能性があります。
C:\Users\nasuf\Documents\findwork_1\就職作品_230404\gameobject.h(220,1): warning C4244: '-=': 'double' から 'float' への変換です。データが失われる可能性があります。
C:\Users\nasuf\Documents\findwork_1\就職作品_230404\gameobject.h(228,1): warning C4244: '+=': 'double' から 'float' への変換です。データが失われる可能性があります。
  TackleState.cpp
C:\Users\nasuf\Documents\findwork_1\就職作品_230404\gameobject.h(205,1): warning C4244: '-=': 'double' から 'float' への変換です。データが失われる可能性があります。
C:\Users\nasuf\Documents\findwork_1\就職作品_230404\gameobject.h(213,1): warning C4244: '+=': 'double' から 'float' への変換です。データが失われる可能性があります。
C:\Users\nasuf\Documents\findwork_1\就職作品_230404\gameobject.h(220,1): warning C4244: '-=': 'double' から 'float' への変換です。データが失われる可能性があります。
C:\Users\nasuf\Documents\findwork_1\就職作品_230404\gameobject.h(228,1): warning C4244: '+=': 'double' から 'float' への変換です。データが失われる可能性があります。
  approachstate.cpp
C:\Users\nasuf\Documents\findwork_1\就職作品_230404\gameobject.h(205,1): warning C4244: '-=': 'double' から 'float' への変換です。データが失われる可能性があります。
C:\Users\nasuf\Documents\findwork_1\就職作品_230404\gameobject.h(213,1): warning C4244: '+=': 'double' から 'float' への変換です。データが失われる可能性があります。
C:\Users\nasuf\Documents\findwork_1\就職作品_230404\gameobject.h(220,1): warning C4244: '-=': 'double' から 'float' への変換です。データが失われる可能性があります。
C:\Users\nasuf\Documents\findwork_1\就職作品_230404\gameobject.h(228,1): warning C4244: '+=': 'double' から 'float' への変換です。データが失われる可能性があります。
  aroundstate.cpp
C:\Users\nasuf\Documents\findwork_1\就職作品_230404\gameobject.h(205,1): warning C4244: '-=': 'double' から 'float' への変換です。データが失われる可能性があります。
C:\Users\nasuf\Documents\findwork_1\就職作品_230404\gameobject.h(213,1): warning C4244: '+=': 'double' から 'float' への変換です。データが失われる可能性があります。
C:\Users\nasuf\Documents\findwork_1\就職作品_230404\gameobject.h(220,1): warning C4244: '-=': 'double' から 'float' への変換です。データが失われる可能性があります。
C:\Users\nasuf\Documents\findwork_1\就職作品_230404\gameobject.h(228,1): warning C4244: '+=': 'double' から 'float' への変換です。データが失われる可能性があります。
  camera.cpp
C:\Users\nasuf\Documents\findwork_1\就職作品_230404\gameobject.h(205,1): warning C4244: '-=': 'double' から 'float' への変換です。データが失われる可能性があります。
C:\Users\nasuf\Documents\findwork_1\就職作品_230404\gameobject.h(213,1): warning C4244: '+=': 'double' から 'float' への変換です。データが失われる可能性があります。
C:\Users\nasuf\Documents\findwork_1\就職作品_230404\gameobject.h(220,1): warning C4244: '-=': 'double' から 'float' への変換です。データが失われる可能性があります。
C:\Users\nasuf\Documents\findwork_1\就職作品_230404\gameobject.h(228,1): warning C4244: '+=': 'double' から 'float' への変換です。データが失われる可能性があります。
  controlui.cpp
C:\Users\nasuf\Documents\findwork_1\就職作品_230404\gameobject.h(205,1): warning C4244: '-=': 'double' から 'float' への変換です。データが失われる可能性があります。
C:\Users\nasuf\Documents\findwork_1\就職作品_230404\gameobject.h(213,1): warning C4244: '+=': 'double' から 'float' への変換です。データが失われる可能性があります。
C:\Users\nasuf\Documents\findwork_1\就職作品_230404\gameobject.h(220,1): warning C4244: '-=': 'double' から 'float' への変換です。データが失われる可能性があります。
C:\Users\nasuf\Documents\findwork_1\就職作品_230404\gameobject.h(228,1): warning C4244: '+=': 'double' から 'float' への変換です。データが失われる可能性があります。
  discoverstate.cpp
C:\Users\nasuf\Documents\findwork_1\就職作品_230404\gameobject.h(205,1): warning C4244: '-=': 'double' から 'float' への変換です。データが失われる可能性があります。
C:\Users\nasuf\Documents\findwork_1\就職作品_230404\gameobject.h(213,1): warning C4244: '+=': 'double' から 'float' への変換です。データが失われる可能性があります。
C:\Users\nasuf\Documents\findwork_1\就職作品_230404\gameobject.h(220,1): warning C4244: '-=': 'double' から 'float' への変換です。データが失われる可能性があります。
C:\Users\nasuf\Documents\findwork_1\就職作品_230404\gameobject.h(228,1): warning C4244: '+=': 'double' から 'float' への変換です。データが失われる可能性があります。
  doState.cpp
C:\Users\nasuf\Documents\findwork_1\就職作品_230404\gameobject.h(205,1): warning C4244: '-=': 'double' から 'float' への変換です。データが失われる可能性があります。
C:\Users\nasuf\Documents\findwork_1\就職作品_230404\gameobject.h(213,1): warning C4244: '+=': 'double' から 'float' への変換です。データが失われる可能性があります。
C:\Users\nasuf\Documents\findwork_1\就職作品_230404\gameobject.h(220,1): warning C4244: '-=': 'double' から 'float' への変換です。データが失われる可能性があります。
C:\Users\nasuf\Documents\findwork_1\就職作品_230404\gameobject.h(228,1): warning C4244: '+=': 'double' から 'float' への変換です。データが失われる可能性があります。
  football.cpp
C:\Users\nasuf\Documents\findwork_1\就職作品_230404\gameobject.h(205,1): warning C4244: '-=': 'double' から 'float' への変換です。データが失われる可能性があります。
C:\Users\nasuf\Documents\findwork_1\就職作品_230404\gameobject.h(213,1): warning C4244: '+=': 'double' から 'float' への変換です。データが失われる可能性があります。
C:\Users\nasuf\Documents\findwork_1\就職作品_230404\gameobject.h(220,1): warning C4244: '-=': 'double' から 'float' への変換です。データが失われる可能性があります。
C:\Users\nasuf\Documents\findwork_1\就職作品_230404\gameobject.h(228,1): warning C4244: '+=': 'double' から 'float' への変換です。データが失われる可能性があります。
  game.cpp
C:\Users\nasuf\Documents\findwork_1\就職作品_230404\gameobject.h(205,1): warning C4244: '-=': 'double' から 'float' への変換です。データが失われる可能性があります。
C:\Users\nasuf\Documents\findwork_1\就職作品_230404\gameobject.h(213,1): warning C4244: '+=': 'double' から 'float' への変換です。データが失われる可能性があります。
C:\Users\nasuf\Documents\findwork_1\就職作品_230404\gameobject.h(220,1): warning C4244: '-=': 'double' から 'float' への変換です。データが失われる可能性があります。
C:\Users\nasuf\Documents\findwork_1\就職作品_230404\gameobject.h(228,1): warning C4244: '+=': 'double' から 'float' への変換です。データが失われる可能性があります。
  goal.cpp
C:\Users\nasuf\Documents\findwork_1\就職作品_230404\gameobject.h(205,1): warning C4244: '-=': 'double' から 'float' への変換です。データが失われる可能性があります。
C:\Users\nasuf\Documents\findwork_1\就職作品_230404\gameobject.h(213,1): warning C4244: '+=': 'double' から 'float' への変換です。データが失われる可能性があります。
C:\Users\nasuf\Documents\findwork_1\就職作品_230404\gameobject.h(220,1): warning C4244: '-=': 'double' から 'float' への変換です。データが失われる可能性があります。
C:\Users\nasuf\Documents\findwork_1\就職作品_230404\gameobject.h(228,1): warning C4244: '+=': 'double' から 'float' への変換です。データが失われる可能性があります。
  keepercatchstate.cpp
C:\Users\nasuf\Documents\findwork_1\就職作品_230404\gameobject.h(205,1): warning C4244: '-=': 'double' から 'float' への変換です。データが失われる可能性があります。
C:\Users\nasuf\Documents\findwork_1\就職作品_230404\gameobject.h(213,1): warning C4244: '+=': 'double' から 'float' への変換です。データが失われる可能性があります。
C:\Users\nasuf\Documents\findwork_1\就職作品_230404\gameobject.h(220,1): warning C4244: '-=': 'double' から 'float' への変換です。データが失われる可能性があります。
C:\Users\nasuf\Documents\findwork_1\就職作品_230404\gameobject.h(228,1): warning C4244: '+=': 'double' から 'float' への変換です。データが失われる可能性があります。
C:\Users\nasuf\Documents\findwork_1\就職作品_230404\keepercatchstate.cpp(30,15): warning C4244: '初期化中': 'double' から 'float' への変換です。データが失われる可能性があります。
C:\Users\nasuf\Documents\findwork_1\就職作品_230404\keepercatchstate.cpp(35,11): warning C4244: '初期化中': 'double' から 'float' への変換です。データが失われる可能性があります。
  keeperpreparestate.cpp
C:\Users\nasuf\Documents\findwork_1\就職作品_230404\gameobject.h(205,1): warning C4244: '-=': 'double' から 'float' への変換です。データが失われる可能性があります。
C:\Users\nasuf\Documents\findwork_1\就職作品_230404\gameobject.h(213,1): warning C4244: '+=': 'double' から 'float' への変換です。データが失われる可能性があります。
C:\Users\nasuf\Documents\findwork_1\就職作品_230404\gameobject.h(220,1): warning C4244: '-=': 'double' から 'float' への変換です。データが失われる可能性があります。
C:\Users\nasuf\Documents\findwork_1\就職作品_230404\gameobject.h(228,1): warning C4244: '+=': 'double' から 'float' への変換です。データが失われる可能性があります。
  keeperstaystate.cpp
C:\Users\nasuf\Documents\findwork_1\就職作品_230404\gameobject.h(205,1): warning C4244: '-=': 'double' から 'float' への変換です。データが失われる可能性があります。
C:\Users\nasuf\Documents\findwork_1\就職作品_230404\gameobject.h(213,1): warning C4244: '+=': 'double' から 'float' への変換です。データが失われる可能性があります。
C:\Users\nasuf\Documents\findwork_1\就職作品_230404\gameobject.h(220,1): warning C4244: '-=': 'double' から 'float' への変換です。データが失われる可能性があります。
C:\Users\nasuf\Documents\findwork_1\就職作品_230404\gameobject.h(228,1): warning C4244: '+=': 'double' から 'float' への変換です。データが失われる可能性があります。
  manager.cpp
C:\Users\nasuf\Documents\findwork_1\就職作品_230404\gameobject.h(205,1): warning C4244: '-=': 'double' から 'float' への変換です。データが失われる可能性があります。
C:\Users\nasuf\Documents\findwork_1\就職作品_230404\gameobject.h(213,1): warning C4244: '+=': 'double' から 'float' への変換です。データが失われる可能性があります。
C:\Users\nasuf\Documents\findwork_1\就職作品_230404\gameobject.h(220,1): warning C4244: '-=': 'double' から 'float' への変換です。データが失われる可能性があります。
C:\Users\nasuf\Documents\findwork_1\就職作品_230404\gameobject.h(228,1): warning C4244: '+=': 'double' から 'float' への変換です。データが失われる可能性があります。
  monitoringstate.cpp
C:\Users\nasuf\Documents\findwork_1\就職作品_230404\gameobject.h(205,1): warning C4244: '-=': 'double' から 'float' への変換です。データが失われる可能性があります。
C:\Users\nasuf\Documents\findwork_1\就職作品_230404\gameobject.h(213,1): warning C4244: '+=': 'double' から 'float' への変換です。データが失われる可能性があります。
C:\Users\nasuf\Documents\findwork_1\就職作品_230404\gameobject.h(220,1): warning C4244: '-=': 'double' から 'float' への変換です。データが失われる可能性があります。
C:\Users\nasuf\Documents\findwork_1\就職作品_230404\gameobject.h(228,1): warning C4244: '+=': 'double' から 'float' への変換です。データが失われる可能性があります。
  player.cpp
C:\Users\nasuf\Documents\findwork_1\就職作品_230404\assimp\defs.h(1,1): warning C4819: ファイルは、現在のコード ページ (932) で表示できない文字を含んでいます。データの損失を防ぐために、ファイルを Unicode 形式で保存してください。
C:\Users\nasuf\Documents\findwork_1\就職作品_230404\assimp\matrix3x3.h(1,1): warning C4819: ファイルは、現在のコード ページ (932) で表示できない文字を含んでいます。データの損失を防ぐために、ファイルを Unicode 形式で保存してください。
C:\Users\nasuf\Documents\findwork_1\就職作品_230404\assimp\matrix3x3.inl(1,1): warning C4819: ファイルは、現在のコード ページ (932) で表示できない文字を含んでいます。データの損失を防ぐために、ファイルを Unicode 形式で保存してください。
C:\Users\nasuf\Documents\findwork_1\就職作品_230404\assimp\matrix4x4.inl(1,1): warning C4819: ファイルは、現在のコード ページ (932) で表示できない文字を含んでいます。データの損失を防ぐために、ファイルを Unicode 形式で保存してください。
C:\Users\nasuf\Documents\findwork_1\就職作品_230404\gameobject.h(205,1): warning C4244: '-=': 'double' から 'float' への変換です。データが失われる可能性があります。
C:\Users\nasuf\Documents\findwork_1\就職作品_230404\gameobject.h(213,1): warning C4244: '+=': 'double' から 'float' への変換です。データが失われる可能性があります。
C:\Users\nasuf\Documents\findwork_1\就職作品_230404\gameobject.h(220,1): warning C4244: '-=': 'double' から 'float' への変換です。データが失われる可能性があります。
C:\Users\nasuf\Documents\findwork_1\就職作品_230404\gameobject.h(228,1): warning C4244: '+=': 'double' から 'float' への変換です。データが失われる可能性があります。
C:\Users\nasuf\Documents\findwork_1\就職作品_230404\player.cpp(292,34): warning C4244: '+=': 'double' から 'float' への変換です。データが失われる可能性があります。
C:\Users\nasuf\Documents\findwork_1\就職作品_230404\player.cpp(311,33): warning C4244: '-=': 'double' から 'float' への変換です。データが失われる可能性があります。
C:\Users\nasuf\Documents\findwork_1\就職作品_230404\player.cpp(320,33): warning C4244: '+=': 'double' から 'float' への変換です。データが失われる可能性があります。
C:\Users\nasuf\Documents\findwork_1\就職作品_230404\player.cpp(329,33): warning C4244: '-=': 'double' から 'float' への変換です。データが失われる可能性があります。
  コードを生成中...
  コンパイル中...
  skydome.cpp
C:\Users\nasuf\Documents\findwork_1\就職作品_230404\gameobject.h(205,1): warning C4244: '-=': 'double' から 'float' への変換です。データが失われる可能性があります。
C:\Users\nasuf\Documents\findwork_1\就職作品_230404\gameobject.h(213,1): warning C4244: '+=': 'double' から 'float' への変換です。データが失われる可能性があります。
C:\Users\nasuf\Documents\findwork_1\就職作品_230404\gameobject.h(220,1): warning C4244: '-=': 'double' から 'float' への変換です。データが失われる可能性があります。
C:\Users\nasuf\Documents\findwork_1\就職作品_230404\gameobject.h(228,1): warning C4244: '+=': 'double' から 'float' への変換です。データが失われる可能性があります。
  slidingState.cpp
C:\Users\nasuf\Documents\findwork_1\就職作品_230404\gameobject.h(205,1): warning C4244: '-=': 'double' から 'float' への変換です。データが失われる可能性があります。
C:\Users\nasuf\Documents\findwork_1\就職作品_230404\gameobject.h(213,1): warning C4244: '+=': 'double' から 'float' への変換です。データが失われる可能性があります。
C:\Users\nasuf\Documents\findwork_1\就職作品_230404\gameobject.h(220,1): warning C4244: '-=': 'double' から 'float' への変換です。データが失われる可能性があります。
C:\Users\nasuf\Documents\findwork_1\就職作品_230404\gameobject.h(228,1): warning C4244: '+=': 'double' から 'float' への変換です。データが失われる可能性があります。
  title.cpp
C:\Users\nasuf\Documents\findwork_1\就職作品_230404\gameobject.h(205,1): warning C4244: '-=': 'double' から 'float' への変換です。データが失われる可能性があります。
C:\Users\nasuf\Documents\findwork_1\就職作品_230404\gameobject.h(213,1): warning C4244: '+=': 'double' から 'float' への変換です。データが失われる可能性があります。
C:\Users\nasuf\Documents\findwork_1\就職作品_230404\gameobject.h(220,1): warning C4244: '-=': 'double' から 'float' への変換です。データが失われる可能性があります。
C:\Users\nasuf\Documents\findwork_1\就職作品_230404\gameobject.h(228,1): warning C4244: '+=': 'double' から 'float' への変換です。データが失われる可能性があります。
  titlesecond.cpp
C:\Users\nasuf\Documents\findwork_1\就職作品_230404\gameobject.h(205,1): warning C4244: '-=': 'double' から 'float' への変換です。データが失われる可能性があります。
C:\Users\nasuf\Documents\findwork_1\就職作品_230404\gameobject.h(213,1): warning C4244: '+=': 'double' から 'float' への変換です。データが失われる可能性があります。
C:\Users\nasuf\Documents\findwork_1\就職作品_230404\gameobject.h(220,1): warning C4244: '-=': 'double' から 'float' への変換です。データが失われる可能性があります。
C:\Users\nasuf\Documents\findwork_1\就職作品_230404\gameobject.h(228,1): warning C4244: '+=': 'double' から 'float' への変換です。データが失われる可能性があります。
  tutorial.cpp
C:\Users\nasuf\Documents\findwork_1\就職作品_230404\gameobject.h(205,1): warning C4244: '-=': 'double' から 'float' への変換です。データが失われる可能性があります。
C:\Users\nasuf\Documents\findwork_1\就職作品_230404\gameobject.h(213,1): warning C4244: '+=': 'double' から 'float' への変換です。データが失われる可能性があります。
C:\Users\nasuf\Documents\findwork_1\就職作品_230404\gameobject.h(220,1): warning C4244: '-=': 'double' から 'float' への変換です。データが失われる可能性があります。
C:\Users\nasuf\Documents\findwork_1\就職作品_230404\gameobject.h(228,1): warning C4244: '+=': 'double' から 'float' への変換です。データが失われる可能性があります。
  waitState.cpp
C:\Users\nasuf\Documents\findwork_1\就職作品_230404\gameobject.h(205,1): warning C4244: '-=': 'double' から 'float' への変換です。データが失われる可能性があります。
C:\Users\nasuf\Documents\findwork_1\就職作品_230404\gameobject.h(213,1): warning C4244: '+=': 'double' から 'float' への変換です。データが失われる可能性があります。
C:\Users\nasuf\Documents\findwork_1\就職作品_230404\gameobject.h(220,1): warning C4244: '-=': 'double' から 'float' への変換です。データが失われる可能性があります。
C:\Users\nasuf\Documents\findwork_1\就職作品_230404\gameobject.h(228,1): warning C4244: '+=': 'double' から 'float' への変換です。データが失われる可能性があります。
  コードを生成中...
  GM31_0419_02.vcxproj -> C:\Users\nasuf\Documents\findwork_1\就職作品_230404\Debug\GM31_0419_02.exe
